{"contracts/Box.sol":{"l":{"16":1,"17":1,"18":1,"22":1},"path":"/Users/john/amis/contract-frameworks/hardhat/contracts/Box.sol","s":{"1":1,"2":1,"3":1,"4":1},"b":{},"f":{"1":1,"2":1},"fnMap":{"1":{"name":"store","line":15,"loc":{"start":{"line":15,"column":4},"end":{"line":19,"column":4}}},"2":{"name":"retrieve","line":21,"loc":{"start":{"line":21,"column":4},"end":{"line":23,"column":4}}}},"statementMap":{"1":{"start":{"line":16,"column":8},"end":{"line":16,"column":43}},"2":{"start":{"line":17,"column":8},"end":{"line":17,"column":21}},"3":{"start":{"line":18,"column":8},"end":{"line":18,"column":32}},"4":{"start":{"line":22,"column":8},"end":{"line":22,"column":21}}},"branchMap":{}},"contracts/ERC721.sol":{"l":{"54":3,"55":3,"59":1,"74":2,"77":1,"78":1,"79":1,"80":1,"90":0,"92":0,"98":0,"99":0,"100":0,"101":0},"path":"/Users/john/amis/contract-frameworks/hardhat/contracts/ERC721.sol","s":{"1":3,"2":3,"3":1,"4":2,"5":1,"6":1,"7":1,"8":1,"9":0,"10":0,"11":0,"12":0,"13":0,"14":0},"b":{"1":[1,1],"2":[0,0],"3":[0,0]},"f":{"1":3,"2":1,"3":2,"4":0},"fnMap":{"1":{"name":"constructor","line":53,"loc":{"start":{"line":53,"column":4},"end":{"line":56,"column":4}}},"2":{"name":"supportsInterface","line":58,"loc":{"start":{"line":58,"column":4},"end":{"line":60,"column":4}}},"3":{"name":"mint","line":73,"loc":{"start":{"line":73,"column":4},"end":{"line":81,"column":4}}},"4":{"name":"createNFT","line":87,"loc":{"start":{"line":87,"column":4},"end":{"line":102,"column":4}}}},"statementMap":{"1":{"start":{"line":54,"column":8},"end":{"line":54,"column":51}},"2":{"start":{"line":55,"column":8},"end":{"line":55,"column":44}},"3":{"start":{"line":59,"column":8},"end":{"line":59,"column":51}},"4":{"start":{"line":74,"column":8},"end":{"line":74,"column":90}},"5":{"start":{"line":77,"column":8},"end":{"line":77,"column":44}},"6":{"start":{"line":78,"column":8},"end":{"line":78,"column":32}},"7":{"start":{"line":79,"column":8},"end":{"line":79,"column":44}},"8":{"start":{"line":80,"column":8},"end":{"line":80,"column":48}},"9":{"start":{"line":90,"column":8},"end":{"line":90,"column":37}},"10":{"start":{"line":92,"column":8},"end":{"line":92,"column":90}},"11":{"start":{"line":98,"column":8},"end":{"line":98,"column":25}},"12":{"start":{"line":99,"column":8},"end":{"line":99,"column":35}},"13":{"start":{"line":100,"column":8},"end":{"line":100,"column":33}},"14":{"start":{"line":101,"column":8},"end":{"line":101,"column":34}}},"branchMap":{"1":{"line":74,"type":"if","locations":[{"start":{"line":74,"column":8},"end":{"line":74,"column":8}},{"start":{"line":74,"column":8},"end":{"line":74,"column":8}}]},"2":{"line":90,"type":"if","locations":[{"start":{"line":90,"column":8},"end":{"line":90,"column":8}},{"start":{"line":90,"column":8},"end":{"line":90,"column":8}}]},"3":{"line":92,"type":"if","locations":[{"start":{"line":92,"column":8},"end":{"line":92,"column":8}},{"start":{"line":92,"column":8},"end":{"line":92,"column":8}}]}}}}