{"contracts/Box.sol":{"l":{"15":1,"16":1,"20":1},"path":"/Users/john/amis/contract-frameworks/hardhat/contracts/Box.sol","s":{"1":1,"2":1,"3":1},"b":{},"f":{"1":1,"2":1},"fnMap":{"1":{"name":"store","line":14,"loc":{"start":{"line":14,"column":4},"end":{"line":17,"column":4}}},"2":{"name":"retrieve","line":19,"loc":{"start":{"line":19,"column":4},"end":{"line":21,"column":4}}}},"statementMap":{"1":{"start":{"line":15,"column":8},"end":{"line":15,"column":21}},"2":{"start":{"line":16,"column":8},"end":{"line":16,"column":32}},"3":{"start":{"line":20,"column":8},"end":{"line":20,"column":21}}},"branchMap":{}},"contracts/ERC721.sol":{"l":{"55":3,"56":3,"60":1,"61":1,"65":1,"66":1,"81":2,"83":1,"84":1,"86":1,"87":1,"88":1,"89":1,"99":0,"101":0,"107":0,"108":0,"109":0,"110":0},"path":"/Users/john/amis/contract-frameworks/hardhat/contracts/ERC721.sol","s":{"1":3,"2":3,"3":1,"4":1,"5":1,"6":1,"7":2,"8":1,"9":1,"10":1,"11":1,"12":1,"13":1,"14":0,"15":0,"16":0,"17":0,"18":0,"19":0},"b":{"1":[1,1],"2":[0,0],"3":[0,0]},"f":{"1":3,"2":1,"3":1,"4":2,"5":0},"fnMap":{"1":{"name":"constructor","line":54,"loc":{"start":{"line":54,"column":4},"end":{"line":57,"column":4}}},"2":{"name":"supportsInterface","line":59,"loc":{"start":{"line":59,"column":4},"end":{"line":62,"column":4}}},"3":{"name":"fail","line":64,"loc":{"start":{"line":64,"column":4},"end":{"line":67,"column":4}}},"4":{"name":"mint","line":80,"loc":{"start":{"line":80,"column":4},"end":{"line":90,"column":4}}},"5":{"name":"createNFT","line":96,"loc":{"start":{"line":96,"column":4},"end":{"line":111,"column":4}}}},"statementMap":{"1":{"start":{"line":55,"column":8},"end":{"line":55,"column":51}},"2":{"start":{"line":56,"column":8},"end":{"line":56,"column":44}},"3":{"start":{"line":60,"column":8},"end":{"line":60,"column":34}},"4":{"start":{"line":61,"column":8},"end":{"line":61,"column":51}},"5":{"start":{"line":65,"column":8},"end":{"line":65,"column":48}},"6":{"start":{"line":66,"column":8},"end":{"line":66,"column":28}},"7":{"start":{"line":81,"column":8},"end":{"line":81,"column":90}},"8":{"start":{"line":83,"column":8},"end":{"line":83,"column":54}},"9":{"start":{"line":84,"column":8},"end":{"line":84,"column":30}},"10":{"start":{"line":86,"column":8},"end":{"line":86,"column":44}},"11":{"start":{"line":87,"column":8},"end":{"line":87,"column":32}},"12":{"start":{"line":88,"column":8},"end":{"line":88,"column":44}},"13":{"start":{"line":89,"column":8},"end":{"line":89,"column":48}},"14":{"start":{"line":99,"column":8},"end":{"line":99,"column":37}},"15":{"start":{"line":101,"column":8},"end":{"line":101,"column":90}},"16":{"start":{"line":107,"column":8},"end":{"line":107,"column":25}},"17":{"start":{"line":108,"column":8},"end":{"line":108,"column":35}},"18":{"start":{"line":109,"column":8},"end":{"line":109,"column":33}},"19":{"start":{"line":110,"column":8},"end":{"line":110,"column":34}}},"branchMap":{"1":{"line":81,"type":"if","locations":[{"start":{"line":81,"column":8},"end":{"line":81,"column":8}},{"start":{"line":81,"column":8},"end":{"line":81,"column":8}}]},"2":{"line":99,"type":"if","locations":[{"start":{"line":99,"column":8},"end":{"line":99,"column":8}},{"start":{"line":99,"column":8},"end":{"line":99,"column":8}}]},"3":{"line":101,"type":"if","locations":[{"start":{"line":101,"column":8},"end":{"line":101,"column":8}},{"start":{"line":101,"column":8},"end":{"line":101,"column":8}}]}}}}